2023-01-19 20:10:28,082 INFO  [restartedMain] com.tpe.SpringbootintroApplication:Starting SpringbootintroApplication using Java 11.0.16 on Abide-MacBook-Pro.fritz.box with PID 47444 (/Users/abidehalidekaradag/Desktop/springbootintro/target/classes started by abidehalidekaradag in /Users/abidehalidekaradag/Desktop/springbootintro)
2023-01-19 20:10:28,086 INFO  [restartedMain] com.tpe.SpringbootintroApplication:No active profile set, falling back to default profiles: default
2023-01-19 20:10:28,113 INFO  [restartedMain] org.springframework.boot.devtools.env.DevToolsPropertyDefaultsPostProcessor:Devtools property defaults active! Set 'spring.devtools.add-properties' to 'false' to disable
2023-01-19 20:10:28,114 INFO  [restartedMain] org.springframework.boot.devtools.env.DevToolsPropertyDefaultsPostProcessor:For additional web related logging consider setting the 'logging.level.web' property to 'DEBUG'
2023-01-19 20:10:28,540 INFO  [restartedMain] org.springframework.data.repository.config.RepositoryConfigurationDelegate:Bootstrapping Spring Data JPA repositories in DEFAULT mode.
2023-01-19 20:10:28,567 INFO  [restartedMain] org.springframework.data.repository.config.RepositoryConfigurationDelegate:Finished Spring Data repository scanning in 22 ms. Found 1 JPA repository interfaces.
2023-01-19 20:10:28,844 INFO  [restartedMain] org.springframework.boot.web.embedded.tomcat.TomcatWebServer:Tomcat initialized with port(s): 8081 (http)
2023-01-19 20:10:28,849 INFO  [restartedMain] org.apache.catalina.core.StandardService:Starting service [Tomcat]
2023-01-19 20:10:28,849 INFO  [restartedMain] org.apache.catalina.core.StandardEngine:Starting Servlet engine: [Apache Tomcat/9.0.56]
2023-01-19 20:10:28,876 INFO  [restartedMain] org.apache.catalina.core.ContainerBase.[Tomcat].[localhost].[/]:Initializing Spring embedded WebApplicationContext
2023-01-19 20:10:28,876 INFO  [restartedMain] org.springframework.boot.web.servlet.context.ServletWebServerApplicationContext:Root WebApplicationContext: initialization completed in 762 ms
2023-01-19 20:10:29,022 INFO  [restartedMain] org.hibernate.jpa.internal.util.LogHelper:HHH000204: Processing PersistenceUnitInfo [name: default]
2023-01-19 20:10:29,059 INFO  [restartedMain] org.hibernate.Version:HHH000412: Hibernate ORM core version 5.6.4.Final
2023-01-19 20:10:29,137 INFO  [restartedMain] org.hibernate.annotations.common.Version:HCANN000001: Hibernate Commons Annotations {5.1.2.Final}
2023-01-19 20:10:29,172 INFO  [restartedMain] com.zaxxer.hikari.HikariDataSource:HikariPool-1 - Starting...
2023-01-19 20:10:29,330 INFO  [restartedMain] com.zaxxer.hikari.HikariDataSource:HikariPool-1 - Start completed.
2023-01-19 20:10:29,338 INFO  [restartedMain] org.hibernate.dialect.Dialect:HHH000400: Using dialect: org.hibernate.dialect.PostgreSQLDialect
2023-01-19 20:10:29,737 INFO  [restartedMain] org.hibernate.engine.transaction.jta.platform.internal.JtaPlatformInitiator:HHH000490: Using JtaPlatform implementation: [org.hibernate.engine.transaction.jta.platform.internal.NoJtaPlatform]
2023-01-19 20:10:29,743 INFO  [restartedMain] org.springframework.orm.jpa.LocalContainerEntityManagerFactoryBean:Initialized JPA EntityManagerFactory for persistence unit 'default'
2023-01-19 20:10:29,966 WARN  [restartedMain] org.springframework.boot.autoconfigure.orm.jpa.JpaBaseConfiguration$JpaWebConfiguration:spring.jpa.open-in-view is enabled by default. Therefore, database queries may be performed during view rendering. Explicitly configure spring.jpa.open-in-view to disable this warning
2023-01-19 20:10:30,167 INFO  [restartedMain] org.springframework.boot.autoconfigure.security.servlet.UserDetailsServiceAutoConfiguration:

Using generated security password: b80aeee9-f46e-4853-8b24-b480de895811

2023-01-19 20:10:30,219 INFO  [restartedMain] org.springframework.boot.actuate.endpoint.web.EndpointLinksResolver:Exposing 4 endpoint(s) beneath base path '/actuator'
2023-01-19 20:10:30,227 INFO  [restartedMain] org.springframework.security.web.DefaultSecurityFilterChain:Will secure any request with [org.springframework.security.web.context.request.async.WebAsyncManagerIntegrationFilter@6f321072, org.springframework.security.web.context.SecurityContextPersistenceFilter@48ebc9c2, org.springframework.security.web.header.HeaderWriterFilter@10767fff, org.springframework.web.filter.CorsFilter@3549fb4e, org.springframework.security.web.csrf.CsrfFilter@3d2fbb96, org.springframework.security.web.authentication.logout.LogoutFilter@6d3c57f9, org.springframework.security.web.authentication.UsernamePasswordAuthenticationFilter@16162ca3, org.springframework.security.web.authentication.ui.DefaultLoginPageGeneratingFilter@5b64318b, org.springframework.security.web.authentication.ui.DefaultLogoutPageGeneratingFilter@76c8353d, org.springframework.security.web.authentication.www.BasicAuthenticationFilter@67948ad0, org.springframework.security.web.savedrequest.RequestCacheAwareFilter@302b9155, org.springframework.security.web.servletapi.SecurityContextHolderAwareRequestFilter@55594ac8, org.springframework.security.web.authentication.AnonymousAuthenticationFilter@4cf6143e, org.springframework.security.web.session.SessionManagementFilter@4725d27e, org.springframework.security.web.access.ExceptionTranslationFilter@52d10e20, org.springframework.security.web.access.intercept.FilterSecurityInterceptor@5a84919a]
2023-01-19 20:10:30,257 INFO  [restartedMain] org.springframework.boot.devtools.autoconfigure.OptionalLiveReloadServer:LiveReload server is running on port 35729
2023-01-19 20:10:30,282 INFO  [restartedMain] org.springframework.boot.web.embedded.tomcat.TomcatWebServer:Tomcat started on port(s): 8081 (http) with context path ''
2023-01-19 20:10:30,293 INFO  [restartedMain] com.tpe.SpringbootintroApplication:Started SpringbootintroApplication in 2.414 seconds (JVM running for 2.897)
2023-01-19 20:10:30,380 INFO  [RMI TCP Connection(1)-192.168.178.70] org.apache.catalina.core.ContainerBase.[Tomcat].[localhost].[/]:Initializing Spring DispatcherServlet 'dispatcherServlet'
2023-01-19 20:14:58,655 INFO  [SpringApplicationShutdownHook] org.springframework.orm.jpa.LocalContainerEntityManagerFactoryBean:Closing JPA EntityManagerFactory for persistence unit 'default'
2023-01-19 20:14:58,660 INFO  [SpringApplicationShutdownHook] com.zaxxer.hikari.HikariDataSource:HikariPool-1 - Shutdown initiated...
2023-01-19 20:14:58,663 INFO  [SpringApplicationShutdownHook] com.zaxxer.hikari.HikariDataSource:HikariPool-1 - Shutdown completed.
2023-01-19 20:17:50,349 INFO  [restartedMain] com.tpe.SpringbootintroApplication:Starting SpringbootintroApplication using Java 11.0.16 on Abide-MBP.fritz.box with PID 48145 (/Users/abidehalidekaradag/Desktop/springbootintro/target/classes started by abidehalidekaradag in /Users/abidehalidekaradag/Desktop/springbootintro)
2023-01-19 20:17:50,350 INFO  [restartedMain] com.tpe.SpringbootintroApplication:No active profile set, falling back to default profiles: default
2023-01-19 20:17:50,374 INFO  [restartedMain] org.springframework.boot.devtools.env.DevToolsPropertyDefaultsPostProcessor:Devtools property defaults active! Set 'spring.devtools.add-properties' to 'false' to disable
2023-01-19 20:17:50,375 INFO  [restartedMain] org.springframework.boot.devtools.env.DevToolsPropertyDefaultsPostProcessor:For additional web related logging consider setting the 'logging.level.web' property to 'DEBUG'
2023-01-19 20:17:50,792 INFO  [restartedMain] org.springframework.data.repository.config.RepositoryConfigurationDelegate:Bootstrapping Spring Data JPA repositories in DEFAULT mode.
2023-01-19 20:17:50,811 INFO  [restartedMain] org.springframework.data.repository.config.RepositoryConfigurationDelegate:Finished Spring Data repository scanning in 16 ms. Found 1 JPA repository interfaces.
2023-01-19 20:17:51,058 INFO  [restartedMain] org.springframework.boot.web.embedded.tomcat.TomcatWebServer:Tomcat initialized with port(s): 8081 (http)
2023-01-19 20:17:51,061 INFO  [restartedMain] org.apache.catalina.core.StandardService:Starting service [Tomcat]
2023-01-19 20:17:51,062 INFO  [restartedMain] org.apache.catalina.core.StandardEngine:Starting Servlet engine: [Apache Tomcat/9.0.56]
2023-01-19 20:17:51,085 INFO  [restartedMain] org.apache.catalina.core.ContainerBase.[Tomcat].[localhost].[/]:Initializing Spring embedded WebApplicationContext
2023-01-19 20:17:51,085 INFO  [restartedMain] org.springframework.boot.web.servlet.context.ServletWebServerApplicationContext:Root WebApplicationContext: initialization completed in 710 ms
2023-01-19 20:17:51,187 INFO  [restartedMain] org.hibernate.jpa.internal.util.LogHelper:HHH000204: Processing PersistenceUnitInfo [name: default]
2023-01-19 20:17:51,206 INFO  [restartedMain] org.hibernate.Version:HHH000412: Hibernate ORM core version 5.6.4.Final
2023-01-19 20:17:51,260 INFO  [restartedMain] org.hibernate.annotations.common.Version:HCANN000001: Hibernate Commons Annotations {5.1.2.Final}
2023-01-19 20:17:51,306 INFO  [restartedMain] com.zaxxer.hikari.HikariDataSource:HikariPool-1 - Starting...
2023-01-19 20:17:51,419 INFO  [restartedMain] com.zaxxer.hikari.HikariDataSource:HikariPool-1 - Start completed.
2023-01-19 20:17:51,426 INFO  [restartedMain] org.hibernate.dialect.Dialect:HHH000400: Using dialect: org.hibernate.dialect.PostgreSQLDialect
2023-01-19 20:17:51,708 INFO  [restartedMain] org.hibernate.engine.transaction.jta.platform.internal.JtaPlatformInitiator:HHH000490: Using JtaPlatform implementation: [org.hibernate.engine.transaction.jta.platform.internal.NoJtaPlatform]
2023-01-19 20:17:51,711 INFO  [restartedMain] org.springframework.orm.jpa.LocalContainerEntityManagerFactoryBean:Initialized JPA EntityManagerFactory for persistence unit 'default'
2023-01-19 20:17:51,907 WARN  [restartedMain] org.springframework.boot.autoconfigure.orm.jpa.JpaBaseConfiguration$JpaWebConfiguration:spring.jpa.open-in-view is enabled by default. Therefore, database queries may be performed during view rendering. Explicitly configure spring.jpa.open-in-view to disable this warning
2023-01-19 20:17:52,147 INFO  [restartedMain] org.springframework.boot.actuate.endpoint.web.EndpointLinksResolver:Exposing 4 endpoint(s) beneath base path '/actuator'
2023-01-19 20:17:52,155 INFO  [restartedMain] org.springframework.security.web.DefaultSecurityFilterChain:Will secure any request with [org.springframework.security.web.context.request.async.WebAsyncManagerIntegrationFilter@65ec6c5a, org.springframework.security.web.context.SecurityContextPersistenceFilter@266e3dae, org.springframework.security.web.header.HeaderWriterFilter@4acb44d8, org.springframework.web.filter.CorsFilter@5d1cd8de, org.springframework.security.web.csrf.CsrfFilter@3eb4988c, org.springframework.security.web.authentication.logout.LogoutFilter@6433996b, org.springframework.security.web.authentication.UsernamePasswordAuthenticationFilter@5977a940, org.springframework.security.web.authentication.ui.DefaultLoginPageGeneratingFilter@54a2f394, org.springframework.security.web.authentication.ui.DefaultLogoutPageGeneratingFilter@1040512c, org.springframework.security.web.authentication.www.BasicAuthenticationFilter@158b0342, org.springframework.security.web.savedrequest.RequestCacheAwareFilter@7dbc00ed, org.springframework.security.web.servletapi.SecurityContextHolderAwareRequestFilter@51925fb8, org.springframework.security.web.authentication.AnonymousAuthenticationFilter@657588c8, org.springframework.security.web.session.SessionManagementFilter@1039ff98, org.springframework.security.web.access.ExceptionTranslationFilter@5e2682e4, org.springframework.security.web.access.intercept.FilterSecurityInterceptor@676cc12c]
2023-01-19 20:17:52,185 INFO  [restartedMain] org.springframework.boot.devtools.autoconfigure.OptionalLiveReloadServer:LiveReload server is running on port 35729
2023-01-19 20:17:52,209 INFO  [restartedMain] org.springframework.boot.web.embedded.tomcat.TomcatWebServer:Tomcat started on port(s): 8081 (http) with context path ''
2023-01-19 20:17:52,218 INFO  [restartedMain] com.tpe.SpringbootintroApplication:Started SpringbootintroApplication in 2.082 seconds (JVM running for 2.584)
2023-01-19 20:17:52,390 INFO  [RMI TCP Connection(3)-192.168.178.70] org.apache.catalina.core.ContainerBase.[Tomcat].[localhost].[/]:Initializing Spring DispatcherServlet 'dispatcherServlet'
2023-01-19 20:19:37,106 INFO  [SpringApplicationShutdownHook] org.springframework.orm.jpa.LocalContainerEntityManagerFactoryBean:Closing JPA EntityManagerFactory for persistence unit 'default'
2023-01-19 20:19:37,110 INFO  [SpringApplicationShutdownHook] com.zaxxer.hikari.HikariDataSource:HikariPool-1 - Shutdown initiated...
2023-01-19 20:19:37,113 INFO  [SpringApplicationShutdownHook] com.zaxxer.hikari.HikariDataSource:HikariPool-1 - Shutdown completed.
2023-01-19 20:20:01,456 INFO  [restartedMain] com.tpe.SpringbootintroApplication:Starting SpringbootintroApplication using Java 11.0.16 on Abide-MacBook-Pro.fritz.box with PID 48395 (/Users/abidehalidekaradag/Desktop/springbootintro/target/classes started by abidehalidekaradag in /Users/abidehalidekaradag/Desktop/springbootintro)
2023-01-19 20:20:01,458 INFO  [restartedMain] com.tpe.SpringbootintroApplication:No active profile set, falling back to default profiles: default
2023-01-19 20:20:01,481 INFO  [restartedMain] org.springframework.boot.devtools.env.DevToolsPropertyDefaultsPostProcessor:Devtools property defaults active! Set 'spring.devtools.add-properties' to 'false' to disable
2023-01-19 20:20:01,481 INFO  [restartedMain] org.springframework.boot.devtools.env.DevToolsPropertyDefaultsPostProcessor:For additional web related logging consider setting the 'logging.level.web' property to 'DEBUG'
2023-01-19 20:20:01,891 INFO  [restartedMain] org.springframework.data.repository.config.RepositoryConfigurationDelegate:Bootstrapping Spring Data JPA repositories in DEFAULT mode.
2023-01-19 20:20:01,910 INFO  [restartedMain] org.springframework.data.repository.config.RepositoryConfigurationDelegate:Finished Spring Data repository scanning in 15 ms. Found 1 JPA repository interfaces.
2023-01-19 20:20:02,160 INFO  [restartedMain] org.springframework.boot.web.embedded.tomcat.TomcatWebServer:Tomcat initialized with port(s): 8080 (http)
2023-01-19 20:20:02,163 INFO  [restartedMain] org.apache.catalina.core.StandardService:Starting service [Tomcat]
2023-01-19 20:20:02,164 INFO  [restartedMain] org.apache.catalina.core.StandardEngine:Starting Servlet engine: [Apache Tomcat/9.0.56]
2023-01-19 20:20:02,188 INFO  [restartedMain] org.apache.catalina.core.ContainerBase.[Tomcat].[localhost].[/]:Initializing Spring embedded WebApplicationContext
2023-01-19 20:20:02,188 INFO  [restartedMain] org.springframework.boot.web.servlet.context.ServletWebServerApplicationContext:Root WebApplicationContext: initialization completed in 706 ms
2023-01-19 20:20:02,284 INFO  [restartedMain] com.zaxxer.hikari.HikariDataSource:HikariPool-1 - Starting...
2023-01-19 20:20:02,373 INFO  [restartedMain] com.zaxxer.hikari.HikariDataSource:HikariPool-1 - Start completed.
2023-01-19 20:20:02,397 INFO  [restartedMain] org.hibernate.jpa.internal.util.LogHelper:HHH000204: Processing PersistenceUnitInfo [name: default]
2023-01-19 20:20:02,419 INFO  [restartedMain] org.hibernate.Version:HHH000412: Hibernate ORM core version 5.6.4.Final
2023-01-19 20:20:02,476 INFO  [restartedMain] org.hibernate.annotations.common.Version:HCANN000001: Hibernate Commons Annotations {5.1.2.Final}
2023-01-19 20:20:02,519 INFO  [restartedMain] org.hibernate.dialect.Dialect:HHH000400: Using dialect: org.hibernate.dialect.PostgreSQL10Dialect
2023-01-19 20:20:02,739 INFO  [restartedMain] org.hibernate.engine.transaction.jta.platform.internal.JtaPlatformInitiator:HHH000490: Using JtaPlatform implementation: [org.hibernate.engine.transaction.jta.platform.internal.NoJtaPlatform]
2023-01-19 20:20:02,743 INFO  [restartedMain] org.springframework.orm.jpa.LocalContainerEntityManagerFactoryBean:Initialized JPA EntityManagerFactory for persistence unit 'default'
2023-01-19 20:20:02,934 WARN  [restartedMain] org.springframework.boot.autoconfigure.orm.jpa.JpaBaseConfiguration$JpaWebConfiguration:spring.jpa.open-in-view is enabled by default. Therefore, database queries may be performed during view rendering. Explicitly configure spring.jpa.open-in-view to disable this warning
2023-01-19 20:20:03,133 INFO  [restartedMain] org.springframework.boot.autoconfigure.security.servlet.UserDetailsServiceAutoConfiguration:

Using generated security password: 74d5d8f0-a9b2-4e12-b5e9-8805bf79852c

2023-01-19 20:20:03,177 INFO  [restartedMain] org.springframework.boot.actuate.endpoint.web.EndpointLinksResolver:Exposing 4 endpoint(s) beneath base path '/actuator'
2023-01-19 20:20:03,185 INFO  [restartedMain] org.springframework.security.web.DefaultSecurityFilterChain:Will secure any request with [org.springframework.security.web.context.request.async.WebAsyncManagerIntegrationFilter@3c7437be, org.springframework.security.web.context.SecurityContextPersistenceFilter@3891824a, org.springframework.security.web.header.HeaderWriterFilter@50fb4861, org.springframework.web.filter.CorsFilter@7fadcb13, org.springframework.security.web.csrf.CsrfFilter@3d354eb, org.springframework.security.web.authentication.logout.LogoutFilter@6ca7c229, org.springframework.security.web.authentication.UsernamePasswordAuthenticationFilter@12bca4b, org.springframework.security.web.authentication.ui.DefaultLoginPageGeneratingFilter@5ed75f55, org.springframework.security.web.authentication.ui.DefaultLogoutPageGeneratingFilter@282dc9b1, org.springframework.security.web.authentication.www.BasicAuthenticationFilter@6ec7320d, org.springframework.security.web.savedrequest.RequestCacheAwareFilter@62b6f67d, org.springframework.security.web.servletapi.SecurityContextHolderAwareRequestFilter@4b5dac10, org.springframework.security.web.authentication.AnonymousAuthenticationFilter@4592aab0, org.springframework.security.web.session.SessionManagementFilter@3ce87ef9, org.springframework.security.web.access.ExceptionTranslationFilter@16a6852, org.springframework.security.web.access.intercept.FilterSecurityInterceptor@389b6449]
2023-01-19 20:20:03,214 INFO  [restartedMain] org.springframework.boot.devtools.autoconfigure.OptionalLiveReloadServer:LiveReload server is running on port 35729
2023-01-19 20:20:03,238 INFO  [restartedMain] org.springframework.boot.web.embedded.tomcat.TomcatWebServer:Tomcat started on port(s): 8080 (http) with context path ''
2023-01-19 20:20:03,247 INFO  [restartedMain] com.tpe.SpringbootintroApplication:Started SpringbootintroApplication in 2.012 seconds (JVM running for 2.427)
2023-01-19 20:20:03,551 INFO  [RMI TCP Connection(3)-192.168.178.70] org.apache.catalina.core.ContainerBase.[Tomcat].[localhost].[/]:Initializing Spring DispatcherServlet 'dispatcherServlet'
2023-01-19 20:20:16,338 WARN  [http-nio-8080-exec-1] com.tpe.controller.StudentController:-------------------- Welcome /students/welcome
2023-01-19 20:20:21,177 WARN  [http-nio-8080-exec-3] com.tpe.controller.StudentController:-------------------- Welcome /students/welcome
2023-01-19 20:20:44,679 INFO  [SpringApplicationShutdownHook] org.springframework.orm.jpa.LocalContainerEntityManagerFactoryBean:Closing JPA EntityManagerFactory for persistence unit 'default'
2023-01-19 20:20:44,683 INFO  [SpringApplicationShutdownHook] com.zaxxer.hikari.HikariDataSource:HikariPool-1 - Shutdown initiated...
2023-01-19 20:20:44,686 INFO  [SpringApplicationShutdownHook] com.zaxxer.hikari.HikariDataSource:HikariPool-1 - Shutdown completed.
